<?xml version="1.0" encoding="UTF-8"?>
<!-- Generated by org.testng.reporters.JUnitXMLReporter -->
<testsuite ignored="0" hostname="MSI" failures="0" tests="3" name="UI Tests" time="6.512" errors="0" timestamp="٢٠٢٥-١٢-٠٥T٠٣:١٢:٢١ غرينتش+٠٣:٠٠">
  <testcase classname="com.ahmad.saucedemo.tests.AddToCartTest" name="addToCartShouldShowOneItemInCartBadge" time="1.108"/>
  <testcase classname="com.ahmad.saucedemo.tests.CartItemNameTest" name="addedItemShouldAppearInCartWithSameName" time="1.113"/>
  <testcase classname="com.ahmad.saucedemo.tests.InvalidLoginTest" name="invalidLoginShouldShowErrorMessage" time="0.951"/>
</testsuite> <!-- UI Tests -->
