<?xml version="1.0" encoding="UTF-8"?>
<!-- Generated by org.testng.reporters.JUnitXMLReporter -->
<testsuite ignored="0" hostname="MSI" failures="0" tests="5" name="UI Tests" time="30.092" errors="0" timestamp="٢٠٢٥-١٢-٠٥T١٠:٠٣:٠٠ EET">
  <testcase classname="com.ahmad.saucedemo.tests.AddToCartTest" name="addToCartShouldShowOneItemInCartBadge" time="1.25"/>
  <testcase classname="com.ahmad.saucedemo.tests.CartItemNameTest" name="addedItemShouldAppearInCartWithSameName" time="1.138"/>
  <testcase classname="com.ahmad.saucedemo.tests.InvalidLoginTest" name="invalidLoginShouldShowErrorMessage" time="0.951"/>
  <testcase classname="com.ahmad.saucedemo.tests.CheckoutFromDatabaseTest" name="checkoutWithEmptyCart_usesCustomerFromDatabase" time="21.855"/>
  <testcase classname="com.ahmad.saucedemo.tests.CheckoutFromDatabaseTest" name="checkoutWithProduct_usesCustomerFromDatabase" time="0.717"/>
</testsuite> <!-- UI Tests -->
