<?xml version="1.0" encoding="UTF-8"?>
<!-- Generated by org.testng.reporters.JUnitReportReporter -->
<testsuite hostname="MSI" failures="0" tests="2" name="com.ahmad.saucedemo.tests.CheckoutFromDatabaseTest" time="٢٢.٥٧٢" errors="0" timestamp="٢٠٢٥-١٢-٠٥T١٠:٠٣:٠٠ EET" skipped="0">
  <testcase classname="com.ahmad.saucedemo.tests.CheckoutFromDatabaseTest" name="checkoutWithEmptyCart_usesCustomerFromDatabase" time="٢١.٨٥٥"/>
  <testcase classname="com.ahmad.saucedemo.tests.CheckoutFromDatabaseTest" name="checkoutWithProduct_usesCustomerFromDatabase" time="٠.٧١٧"/>
</testsuite> <!-- com.ahmad.saucedemo.tests.CheckoutFromDatabaseTest -->
